withdraw						
	(1)	(2)	(3)	(4)	(5)	(6)
	lnzpostpayment					
lastany3	0.015	0.015	0.000			
	(0.048)	(0.048)	(0.034)			
last1				-0.041	-0.033	-0.032
				(0.057)	(0.057)	(0.049)
last2				0.006	0.014	-0.002
				(0.061)	(0.061)	(0.055)
last3				-0.034	-0.038	-0.081
				(0.069)	(0.068)	(0.058)
last4				-0.103	-0.102	-0.096**
				(0.066)	(0.066)	(0.048)
last5				-0.142	-0.131	-0.214***
				(0.087)	(0.088)	(0.070)
Constant	9.750***	9.626***	9.089***	9.834***	9.639***	9.134***
	(0.041)	(0.078)	(0.051)	(0.040)	(0.075)	(0.049)
Observations	1582	1549	1295	1582	1549	1295
R-squared	0.71	0.73	0.72	0.71	0.73	0.72
Robust standard errors in parentheses						
* significant at 10%; ** significant at 5%; *** significant at 1%						
